<?xml version="1.0" encoding="UTF-8"?>
<testsuite xmlns:xsi="http://www.w3.org/2001/XMLSchema-instance" xsi:noNamespaceSchemaLocation="https://maven.apache.org/surefire/maven-surefire-plugin/xsd/surefire-test-report-3.0.xsd" version="3.0" name="functionalj.pipeable.PipeableTest" time="0.006" tests="11" errors="0" skipped="0" failures="0">
  <properties>
    <property name="sun.desktop" value="gnome"/>
    <property name="awt.toolkit" value="sun.awt.X11.XToolkit"/>
    <property name="file.encoding.pkg" value="sun.io"/>
    <property name="java.specification.version" value="1.8"/>
    <property name="sun.cpu.isalist" value=""/>
    <property name="sun.jnu.encoding" value="UTF-8"/>
    <property name="java.class.path" value="/home/nawaman/dev/git/FunctionalJ/functionalj-core/target/test-classes:/home/nawaman/dev/git/FunctionalJ/functionalj-core/target/classes:/home/nawaman/.m2/repository/io/nullablej/nullablej/4.0.6.0/nullablej-4.0.6.0.jar:/home/nawaman/.m2/repository/io/defaultj/defaultj-api/2.2.0.5/defaultj-api-2.2.0.5.jar:/home/nawaman/.m2/repository/io/defaultj/defaultj-core/2.2.0.5/defaultj-core-2.2.0.5.jar:/home/nawaman/.m2/repository/io/defaultj/defaultj-annotations/2.2.0.5/defaultj-annotations-2.2.0.5.jar:/home/nawaman/.m2/repository/org/projectlombok/lombok/1.18.28/lombok-1.18.28.jar:/home/nawaman/.m2/repository/junit/junit/4.13.2/junit-4.13.2.jar:/home/nawaman/.m2/repository/org/hamcrest/hamcrest-core/1.3/hamcrest-core-1.3.jar:"/>
    <property name="java.vm.vendor" value="Homebrew"/>
    <property name="sun.arch.data.model" value="64"/>
    <property name="java.vendor.url" value="https://github.com/Homebrew/homebrew-core/issues"/>
    <property name="user.timezone" value=""/>
    <property name="java.vm.specification.version" value="1.8"/>
    <property name="os.name" value="Linux"/>
    <property name="user.country" value="US"/>
    <property name="sun.java.launcher" value="SUN_STANDARD"/>
    <property name="sun.boot.library.path" value="/home/linuxbrew/.linuxbrew/Cellar/openjdk@8/1.8.0+372/libexec/jre/lib/amd64"/>
    <property name="sun.java.command" value="/home/nawaman/dev/git/FunctionalJ/functionalj-core/target/surefire/surefirebooter-20230714013047780_3.jar /home/nawaman/dev/git/FunctionalJ/functionalj-core/target/surefire 2023-07-14T01-30-47_751-jvmRun1 surefire-20230714013047780_1tmp surefire_0-20230714013047780_2tmp"/>
    <property name="surefire.test.class.path" value="/home/nawaman/dev/git/FunctionalJ/functionalj-core/target/test-classes:/home/nawaman/dev/git/FunctionalJ/functionalj-core/target/classes:/home/nawaman/.m2/repository/io/nullablej/nullablej/4.0.6.0/nullablej-4.0.6.0.jar:/home/nawaman/.m2/repository/io/defaultj/defaultj-api/2.2.0.5/defaultj-api-2.2.0.5.jar:/home/nawaman/.m2/repository/io/defaultj/defaultj-core/2.2.0.5/defaultj-core-2.2.0.5.jar:/home/nawaman/.m2/repository/io/defaultj/defaultj-annotations/2.2.0.5/defaultj-annotations-2.2.0.5.jar:/home/nawaman/.m2/repository/org/projectlombok/lombok/1.18.28/lombok-1.18.28.jar:/home/nawaman/.m2/repository/junit/junit/4.13.2/junit-4.13.2.jar:/home/nawaman/.m2/repository/org/hamcrest/hamcrest-core/1.3/hamcrest-core-1.3.jar:"/>
    <property name="sun.cpu.endian" value="little"/>
    <property name="user.home" value="/home/nawaman"/>
    <property name="user.language" value="en"/>
    <property name="java.specification.vendor" value="Oracle Corporation"/>
    <property name="java.home" value="/home/linuxbrew/.linuxbrew/Cellar/openjdk@8/1.8.0+372/libexec/jre"/>
    <property name="basedir" value="/home/nawaman/dev/git/FunctionalJ/functionalj-core"/>
    <property name="file.separator" value="/"/>
    <property name="line.separator" value="&#10;"/>
    <property name="java.vm.specification.vendor" value="Oracle Corporation"/>
    <property name="java.specification.name" value="Java Platform API Specification"/>
    <property name="java.awt.graphicsenv" value="sun.awt.X11GraphicsEnvironment"/>
    <property name="surefire.real.class.path" value="/home/nawaman/dev/git/FunctionalJ/functionalj-core/target/surefire/surefirebooter-20230714013047780_3.jar"/>
    <property name="sun.boot.class.path" value="/home/linuxbrew/.linuxbrew/Cellar/openjdk@8/1.8.0+372/libexec/jre/lib/resources.jar:/home/linuxbrew/.linuxbrew/Cellar/openjdk@8/1.8.0+372/libexec/jre/lib/rt.jar:/home/linuxbrew/.linuxbrew/Cellar/openjdk@8/1.8.0+372/libexec/jre/lib/sunrsasign.jar:/home/linuxbrew/.linuxbrew/Cellar/openjdk@8/1.8.0+372/libexec/jre/lib/jsse.jar:/home/linuxbrew/.linuxbrew/Cellar/openjdk@8/1.8.0+372/libexec/jre/lib/jce.jar:/home/linuxbrew/.linuxbrew/Cellar/openjdk@8/1.8.0+372/libexec/jre/lib/charsets.jar:/home/linuxbrew/.linuxbrew/Cellar/openjdk@8/1.8.0+372/libexec/jre/lib/jfr.jar:/home/linuxbrew/.linuxbrew/Cellar/openjdk@8/1.8.0+372/libexec/jre/classes"/>
    <property name="sun.management.compiler" value="HotSpot 64-Bit Tiered Compilers"/>
    <property name="java.runtime.version" value="1.8.0_372-linuxbre_2023_04_25_03_07-b00"/>
    <property name="user.name" value="nawaman"/>
    <property name="path.separator" value=":"/>
    <property name="os.version" value="6.2.0-25-generic"/>
    <property name="java.endorsed.dirs" value="/home/linuxbrew/.linuxbrew/Cellar/openjdk@8/1.8.0+372/libexec/jre/lib/endorsed"/>
    <property name="java.runtime.name" value="OpenJDK Runtime Environment"/>
    <property name="file.encoding" value="UTF-8"/>
    <property name="java.vm.name" value="OpenJDK 64-Bit Server VM"/>
    <property name="localRepository" value="/home/nawaman/.m2/repository"/>
    <property name="java.vendor.url.bug" value="https://github.com/Homebrew/homebrew-core/issues"/>
    <property name="java.io.tmpdir" value="/tmp"/>
    <property name="java.version" value="1.8.0_372"/>
    <property name="user.dir" value="/home/nawaman/dev/git/FunctionalJ/functionalj-core"/>
    <property name="os.arch" value="amd64"/>
    <property name="java.vm.specification.name" value="Java Virtual Machine Specification"/>
    <property name="java.awt.printerjob" value="sun.print.PSPrinterJob"/>
    <property name="sun.os.patch.level" value="unknown"/>
    <property name="java.library.path" value="/usr/java/packages/lib/amd64:/usr/lib64:/lib64:/lib:/usr/lib"/>
    <property name="java.vm.info" value="mixed mode"/>
    <property name="java.vendor" value="Homebrew"/>
    <property name="java.vm.version" value="25.372-b00"/>
    <property name="java.specification.maintenance.version" value="4"/>
    <property name="java.ext.dirs" value="/home/linuxbrew/.linuxbrew/Cellar/openjdk@8/1.8.0+372/libexec/jre/lib/ext:/usr/java/packages/lib/ext"/>
    <property name="sun.io.unicode.encoding" value="UnicodeLittle"/>
    <property name="java.class.version" value="52.0"/>
  </properties>
  <testcase name="testException" classname="functionalj.pipeable.PipeableTest" time="0.0"/>
  <testcase name="testAll" classname="functionalj.pipeable.PipeableTest" time="0.004"/>
  <testcase name="testOrElseGet" classname="functionalj.pipeable.PipeableTest" time="0.001"/>
  <testcase name="testBasic" classname="functionalj.pipeable.PipeableTest" time="0.0"/>
  <testcase name="testNullSelf" classname="functionalj.pipeable.PipeableTest" time="0.0"/>
  <testcase name="testToResult" classname="functionalj.pipeable.PipeableTest" time="0.0"/>
  <testcase name="testBasicNull" classname="functionalj.pipeable.PipeableTest" time="0.0"/>
  <testcase name="testRuntimeException" classname="functionalj.pipeable.PipeableTest" time="0.0"/>
  <testcase name="testFilter" classname="functionalj.pipeable.PipeableTest" time="0.001"/>
  <testcase name="testOrElse" classname="functionalj.pipeable.PipeableTest" time="0.0"/>
  <testcase name="testOrElse_Catch" classname="functionalj.pipeable.PipeableTest" time="0.0"/>
</testsuite>